{"uuid":"1671204b-3c8e-4005-84c5-0007bd15c4e3","historyId":"3775295cf16018ef5abe2325e4c7a121","fullName":"com.thetestingacademy.ex01_Selenium_Basics.SVGImages.HandleSVG.testSearchItemsBySVG","labels":[{"name":"package","value":"com.thetestingacademy.ex01_Selenium_Basics.SVGImages.HandleSVG"},{"name":"testClass","value":"com.thetestingacademy.ex01_Selenium_Basics.SVGImages.HandleSVG"},{"name":"testMethod","value":"testSearchItemsBySVG"},{"name":"parentSuite","value":"Default Suite"},{"name":"suite","value":"LearningSeleniumATB13x"},{"name":"subSuite","value":"com.thetestingacademy.ex01_Selenium_Basics.SVGImages.HandleSVG"},{"name":"host","value":"DVCI6118876"},{"name":"thread","value":"39332@DVCI6118876.main(1)"},{"name":"framework","value":"testng"},{"name":"language","value":"java"}],"links":[],"name":"testSearchItemsBySVG","status":"broken","statusDetails":{"known":false,"muted":false,"flaky":false,"message":"java.net.http.HttpTimeoutException: request timed out\nBuild info: version: '4.35.0', revision: '1c58e5028b'\nSystem info: os.name: 'Windows 11', os.arch: 'amd64', os.version: '10.0', java.version: '21.0.8'\nDriver info: org.openqa.selenium.chrome.ChromeDriver\nCommand: [b6bdb3bd64601d4973e4dea594970974, getElementText {id=f.CC172FE276EEFE0233002A4904EE41CF.d.712001225EE912B7501858A5D1DD0E33.e.251}]\nCapabilities {acceptInsecureCerts: false, browserName: chrome, browserVersion: 139.0.7258.139, chrome: {chromedriverVersion: 139.0.7258.154 (9e0d6b2b47f..., userDataDir: C:\\Users\\mrunaln\\AppData\\Lo...}, fedcm:accounts: true, goog:chromeOptions: {debuggerAddress: localhost:2026}, networkConnectionEnabled: false, pageLoadStrategy: normal, platformName: windows, proxy: Proxy(), se:cdp: ws://localhost:2026/devtool..., se:cdpVersion: 139.0.7258.139, setWindowRect: true, strictFileInteractability: false, timeouts: {implicit: 0, pageLoad: 300000, script: 30000}, unhandledPromptBehavior: dismiss and notify, webauthn:extension:credBlob: true, webauthn:extension:largeBlob: true, webauthn:extension:minPinLength: true, webauthn:extension:prf: true, webauthn:virtualAuthenticators: true}\nElement: [[ChromeDriver: chrome on windows (b6bdb3bd64601d4973e4dea594970974)] -> xpath: //div[contains(@data-id,'CPU') or contains(@data-id,'MPC')]/div/a[2]]\nSession ID: b6bdb3bd64601d4973e4dea594970974","trace":"org.openqa.selenium.TimeoutException: java.net.http.HttpTimeoutException: request timed out\nBuild info: version: '4.35.0', revision: '1c58e5028b'\nSystem info: os.name: 'Windows 11', os.arch: 'amd64', os.version: '10.0', java.version: '21.0.8'\nDriver info: org.openqa.selenium.chrome.ChromeDriver\nCommand: [b6bdb3bd64601d4973e4dea594970974, getElementText {id=f.CC172FE276EEFE0233002A4904EE41CF.d.712001225EE912B7501858A5D1DD0E33.e.251}]\nCapabilities {acceptInsecureCerts: false, browserName: chrome, browserVersion: 139.0.7258.139, chrome: {chromedriverVersion: 139.0.7258.154 (9e0d6b2b47f..., userDataDir: C:\\Users\\mrunaln\\AppData\\Lo...}, fedcm:accounts: true, goog:chromeOptions: {debuggerAddress: localhost:2026}, networkConnectionEnabled: false, pageLoadStrategy: normal, platformName: windows, proxy: Proxy(), se:cdp: ws://localhost:2026/devtool..., se:cdpVersion: 139.0.7258.139, setWindowRect: true, strictFileInteractability: false, timeouts: {implicit: 0, pageLoad: 300000, script: 30000}, unhandledPromptBehavior: dismiss and notify, webauthn:extension:credBlob: true, webauthn:extension:largeBlob: true, webauthn:extension:minPinLength: true, webauthn:extension:prf: true, webauthn:virtualAuthenticators: true}\nElement: [[ChromeDriver: chrome on windows (b6bdb3bd64601d4973e4dea594970974)] -> xpath: //div[contains(@data-id,'CPU') or contains(@data-id,'MPC')]/div/a[2]]\nSession ID: b6bdb3bd64601d4973e4dea594970974\r\n\tat org.openqa.selenium.remote.http.jdk.JdkHttpClient.execute0(JdkHttpClient.java:498)\r\n\tat org.openqa.selenium.remote.http.AddSeleniumUserAgent.lambda$apply$0(AddSeleniumUserAgent.java:42)\r\n\tat org.openqa.selenium.remote.http.Filter.lambda$andFinally$1(Filter.java:55)\r\n\tat org.openqa.selenium.remote.http.jdk.JdkHttpClient.lambda$executeAsync$2(JdkHttpClient.java:387)\r\n\tat java.base/java.util.concurrent.Executors$RunnableAdapter.call(Executors.java:572)\r\n\tat java.base/java.util.concurrent.FutureTask.run$$$capture(FutureTask.java:317)\r\n\tat java.base/java.util.concurrent.FutureTask.run(FutureTask.java)\r\n\tat --- Async.Stack.Trace --- (captured by IntelliJ IDEA debugger)\r\n\tat java.base/java.util.concurrent.FutureTask.<init>(FutureTask.java:151)\r\n\tat java.base/java.util.concurrent.AbstractExecutorService.newTaskFor(AbstractExecutorService.java:98)\r\n\tat java.base/java.util.concurrent.AbstractExecutorService.submit(AbstractExecutorService.java:122)\r\n\tat org.openqa.selenium.remote.http.jdk.JdkHttpClient.executeAsync(JdkHttpClient.java:384)\r\n\tat org.openqa.selenium.remote.http.jdk.JdkHttpClient.execute(JdkHttpClient.java:413)\r\n\tat org.openqa.selenium.remote.HttpCommandExecutor.execute(HttpCommandExecutor.java:212)\r\n\tat org.openqa.selenium.remote.service.DriverCommandExecutor.invokeExecute(DriverCommandExecutor.java:216)\r\n\tat org.openqa.selenium.remote.service.DriverCommandExecutor.execute(DriverCommandExecutor.java:174)\r\n\tat org.openqa.selenium.remote.RemoteWebDriver.execute(RemoteWebDriver.java:557)\r\n\tat org.openqa.selenium.remote.RemoteWebElement.execute(RemoteWebElement.java:223)\r\n\tat org.openqa.selenium.remote.RemoteWebElement.getText(RemoteWebElement.java:191)\r\n\tat com.thetestingacademy.ex01_Selenium_Basics.SVGImages.HandleSVG.testSearchItemsBySVG(HandleSVG.java:29)\r\n\tat java.base/jdk.internal.reflect.DirectMethodHandleAccessor.invoke(DirectMethodHandleAccessor.java:103)\r\n\tat java.base/java.lang.reflect.Method.invoke(Method.java:580)\r\n\tat org.testng.internal.invokers.MethodInvocationHelper.invokeMethod(MethodInvocationHelper.java:141)\r\n\tat org.testng.internal.invokers.TestInvoker.invokeMethod(TestInvoker.java:687)\r\n\tat org.testng.internal.invokers.TestInvoker.invokeTestMethod(TestInvoker.java:230)\r\n\tat org.testng.internal.invokers.MethodRunner.runInSequence(MethodRunner.java:63)\r\n\tat org.testng.internal.invokers.TestInvoker$MethodInvocationAgent.invoke(TestInvoker.java:995)\r\n\tat org.testng.internal.invokers.TestInvoker.invokeTestMethods(TestInvoker.java:203)\r\n\tat org.testng.internal.invokers.TestMethodWorker.invokeTestMethods(TestMethodWorker.java:154)\r\n\tat org.testng.internal.invokers.TestMethodWorker.run(TestMethodWorker.java:134)\r\n\tat java.base/java.util.ArrayList.forEach(ArrayList.java:1596)\r\n\tat org.testng.TestRunner.privateRun(TestRunner.java:741)\r\n\tat org.testng.TestRunner.run(TestRunner.java:616)\r\n\tat org.testng.SuiteRunner.runTest(SuiteRunner.java:421)\r\n\tat org.testng.SuiteRunner.runSequentially(SuiteRunner.java:413)\r\n\tat org.testng.SuiteRunner.privateRun(SuiteRunner.java:373)\r\n\tat org.testng.SuiteRunner.run(SuiteRunner.java:312)\r\n\tat org.testng.SuiteRunnerWorker.runSuite(SuiteRunnerWorker.java:52)\r\n\tat org.testng.SuiteRunnerWorker.run(SuiteRunnerWorker.java:95)\r\n\tat org.testng.TestNG.runSuitesSequentially(TestNG.java:1274)\r\n\tat org.testng.TestNG.runSuitesLocally(TestNG.java:1208)\r\n\tat org.testng.TestNG.runSuites(TestNG.java:1112)\r\n\tat org.testng.TestNG.run(TestNG.java:1079)\r\n\tat com.intellij.rt.testng.IDEARemoteTestNG.run(IDEARemoteTestNG.java:65)\r\n\tat com.intellij.rt.testng.RemoteTestNGStarter.main(RemoteTestNGStarter.java:105)\r\nCaused by: java.net.http.HttpTimeoutException: request timed out\r\n\tat java.net.http/jdk.internal.net.http.HttpClientImpl.send(HttpClientImpl.java:953)\r\n\tat java.net.http/jdk.internal.net.http.HttpClientFacade.send(HttpClientFacade.java:133)\r\n\tat org.openqa.selenium.remote.http.jdk.JdkHttpClient.execute0(JdkHttpClient.java:459)\r\n\t... 44 more\r\n"},"stage":"finished","steps":[],"attachments":[],"parameters":[],"start":1757399498807,"stop":1757404108282}